[14:24:10] [main/INFO] [GradleStart]: Extra: []
[14:24:11] [main/INFO] [GradleStart]: Running with arguments: [--userProperties, {}, --accessToken, {REDACTED}, --assetIndex, 1.8, --assetsDir, C:/Users/Austin/.gradle/caches/minecraft/assets, --version, 1.8, --tweakClass, net.minecraftforge.fml.common.launcher.FMLTweaker, --tweakClass, net.minecraftforge.gradle.GradleStartCommon$GradleStartTweaker]
[14:24:11] [main/INFO] [LaunchWrapper]: Loading tweak class name net.minecraftforge.fml.common.launcher.FMLTweaker
[14:24:11] [main/INFO] [LaunchWrapper]: Using primary tweak class name net.minecraftforge.fml.common.launcher.FMLTweaker
[14:24:11] [main/INFO] [LaunchWrapper]: Loading tweak class name net.minecraftforge.gradle.GradleStartCommon$GradleStartTweaker
[14:24:11] [main/INFO] [LaunchWrapper]: Calling tweak class net.minecraftforge.fml.common.launcher.FMLTweaker
[14:25:42] [main/INFO] [GradleStart]: username: atmatm6000@gmail.com
[14:25:42] [main/INFO] [GradleStart]: Extra: []
[14:25:42] [main/INFO] [GradleStart]: Password found, attempting login
[14:25:45] [main/INFO] [GradleStart]: Login Succesful!
[14:25:45] [main/INFO] [GradleStart]: Running with arguments: [--userProperties, {twitch_access_token=[com.mojang.authlib.properties.Property@6ef167bb]}, --username, Atmatm6, --accessToken, {REDACTED}, --assetIndex, 1.8, --uuid, 85b7077dcdb346e3b2de22c05370884a, --assetsDir, C:/Users/Austin/.gradle/caches/minecraft/assets, --version, 1.8, --tweakClass, net.minecraftforge.fml.common.launcher.FMLTweaker, --tweakClass, net.minecraftforge.gradle.GradleStartCommon$GradleStartTweaker]
[14:25:45] [main/INFO] [LaunchWrapper]: Loading tweak class name net.minecraftforge.fml.common.launcher.FMLTweaker
[14:25:45] [main/INFO] [LaunchWrapper]: Using primary tweak class name net.minecraftforge.fml.common.launcher.FMLTweaker
[14:25:45] [main/INFO] [LaunchWrapper]: Loading tweak class name net.minecraftforge.gradle.GradleStartCommon$GradleStartTweaker
[14:25:45] [main/INFO] [LaunchWrapper]: Calling tweak class net.minecraftforge.fml.common.launcher.FMLTweaker
[14:43:31] [main/INFO] [GradleStart]: username: atmatm6000@gmail.com
[14:43:31] [main/INFO] [GradleStart]: Extra: []
[14:43:31] [main/INFO] [GradleStart]: Password found, attempting login
[14:43:34] [main/INFO] [GradleStart]: Login Succesful!
[14:43:34] [main/INFO] [GradleStart]: Running with arguments: [--userProperties, {twitch_access_token=[com.mojang.authlib.properties.Property@56d3d242]}, --username, Atmatm6, --accessToken, {REDACTED}, --assetIndex, 1.8, --uuid, 85b7077dcdb346e3b2de22c05370884a, --assetsDir, C:/Users/Austin/.gradle/caches/minecraft/assets, --version, 1.8, --tweakClass, net.minecraftforge.fml.common.launcher.FMLTweaker, --tweakClass, net.minecraftforge.gradle.GradleStartCommon$GradleStartTweaker]
[14:43:34] [main/INFO] [LaunchWrapper]: Loading tweak class name net.minecraftforge.fml.common.launcher.FMLTweaker
[14:43:34] [main/INFO] [LaunchWrapper]: Using primary tweak class name net.minecraftforge.fml.common.launcher.FMLTweaker
[14:43:34] [main/INFO] [LaunchWrapper]: Loading tweak class name net.minecraftforge.gradle.GradleStartCommon$GradleStartTweaker
[14:43:34] [main/INFO] [LaunchWrapper]: Calling tweak class net.minecraftforge.fml.common.launcher.FMLTweaker
[14:46:13] [main/INFO] [GradleStart]: username: atmatm6000@gmail.com
[14:46:13] [main/INFO] [GradleStart]: Extra: []
[14:46:13] [main/INFO] [GradleStart]: Password found, attempting login
[14:46:17] [main/INFO] [GradleStart]: Login Succesful!
[14:46:17] [main/INFO] [GradleStart]: Running with arguments: [--userProperties, {twitch_access_token=[com.mojang.authlib.properties.Property@17ace0b2]}, --username, Atmatm6, --accessToken, {REDACTED}, --assetIndex, 1.8, --uuid, 85b7077dcdb346e3b2de22c05370884a, --assetsDir, C:/Users/Austin/.gradle/caches/minecraft/assets, --version, 1.8, --tweakClass, net.minecraftforge.fml.common.launcher.FMLTweaker, --tweakClass, net.minecraftforge.gradle.GradleStartCommon$GradleStartTweaker]
[14:46:17] [main/INFO] [LaunchWrapper]: Loading tweak class name net.minecraftforge.fml.common.launcher.FMLTweaker
[14:46:17] [main/INFO] [LaunchWrapper]: Using primary tweak class name net.minecraftforge.fml.common.launcher.FMLTweaker
[14:46:17] [main/INFO] [LaunchWrapper]: Loading tweak class name net.minecraftforge.gradle.GradleStartCommon$GradleStartTweaker
[14:46:17] [main/INFO] [LaunchWrapper]: Calling tweak class net.minecraftforge.fml.common.launcher.FMLTweaker
[14:46:26] [main/INFO] [GradleStart]: Extra: []
[14:46:26] [main/INFO] [GradleStart]: Running with arguments: [--tweakClass, net.minecraftforge.fml.common.launcher.FMLServerTweaker, --tweakClass, net.minecraftforge.gradle.GradleStartCommon$GradleStartTweaker]
[14:46:26] [main/INFO] [LaunchWrapper]: Loading tweak class name net.minecraftforge.fml.common.launcher.FMLServerTweaker
[14:46:26] [main/INFO] [LaunchWrapper]: Using primary tweak class name net.minecraftforge.fml.common.launcher.FMLServerTweaker
[14:46:26] [main/INFO] [LaunchWrapper]: Loading tweak class name net.minecraftforge.gradle.GradleStartCommon$GradleStartTweaker
[14:46:26] [main/INFO] [LaunchWrapper]: Calling tweak class net.minecraftforge.fml.common.launcher.FMLServerTweaker
[14:50:19] [main/INFO] [GradleStart]: Extra: []
[14:50:19] [main/INFO] [GradleStart]: Running with arguments: [--tweakClass, net.minecraftforge.fml.common.launcher.FMLServerTweaker, --tweakClass, net.minecraftforge.gradle.GradleStartCommon$GradleStartTweaker]
[14:50:19] [main/INFO] [LaunchWrapper]: Loading tweak class name net.minecraftforge.fml.common.launcher.FMLServerTweaker
[14:50:19] [main/INFO] [LaunchWrapper]: Using primary tweak class name net.minecraftforge.fml.common.launcher.FMLServerTweaker
[14:50:19] [main/INFO] [LaunchWrapper]: Loading tweak class name net.minecraftforge.gradle.GradleStartCommon$GradleStartTweaker
[14:50:19] [main/INFO] [LaunchWrapper]: Calling tweak class net.minecraftforge.fml.common.launcher.FMLServerTweaker
[15:05:08] [main/INFO] [GradleStart]: Extra: []
[15:05:09] [main/INFO] [GradleStart]: Running with arguments: [--tweakClass, net.minecraftforge.fml.common.launcher.FMLServerTweaker, --tweakClass, net.minecraftforge.gradle.GradleStartCommon$GradleStartTweaker]
[15:05:09] [main/INFO] [LaunchWrapper]: Loading tweak class name net.minecraftforge.fml.common.launcher.FMLServerTweaker
[15:05:09] [main/INFO] [LaunchWrapper]: Using primary tweak class name net.minecraftforge.fml.common.launcher.FMLServerTweaker
[15:05:09] [main/INFO] [LaunchWrapper]: Loading tweak class name net.minecraftforge.gradle.GradleStartCommon$GradleStartTweaker
[15:05:09] [main/INFO] [LaunchWrapper]: Calling tweak class net.minecraftforge.fml.common.launcher.FMLServerTweaker
[15:08:15] [main/INFO] [GradleStart]: Extra: []
[15:08:16] [main/INFO] [GradleStart]: Running with arguments: [--tweakClass, net.minecraftforge.fml.common.launcher.FMLServerTweaker, --tweakClass, net.minecraftforge.gradle.GradleStartCommon$GradleStartTweaker]
[15:08:16] [main/INFO] [LaunchWrapper]: Loading tweak class name net.minecraftforge.fml.common.launcher.FMLServerTweaker
[15:08:16] [main/INFO] [LaunchWrapper]: Using primary tweak class name net.minecraftforge.fml.common.launcher.FMLServerTweaker
[15:08:16] [main/INFO] [LaunchWrapper]: Loading tweak class name net.minecraftforge.gradle.GradleStartCommon$GradleStartTweaker
[15:08:16] [main/INFO] [LaunchWrapper]: Calling tweak class net.minecraftforge.fml.common.launcher.FMLServerTweaker
[15:09:24] [main/INFO] [GradleStart]: username: atmatm6000@gmail.com
[15:09:24] [main/INFO] [GradleStart]: Extra: []
[15:09:24] [main/INFO] [GradleStart]: Password found, attempting login
[15:09:41] [main/INFO] [GradleStart]: Login Succesful!
[15:09:42] [main/INFO] [GradleStart]: Running with arguments: [--userProperties, {twitch_access_token=[com.mojang.authlib.properties.Property@3df4fa3d]}, --username, Atmatm6, --accessToken, {REDACTED}, --assetIndex, 1.8, --uuid, 85b7077dcdb346e3b2de22c05370884a, --assetsDir, C:/Users/Austin/.gradle/caches/minecraft/assets, --version, 1.8, --tweakClass, net.minecraftforge.fml.common.launcher.FMLTweaker, --tweakClass, net.minecraftforge.gradle.GradleStartCommon$GradleStartTweaker]
[15:09:42] [main/INFO] [LaunchWrapper]: Loading tweak class name net.minecraftforge.fml.common.launcher.FMLTweaker
[15:09:42] [main/INFO] [LaunchWrapper]: Using primary tweak class name net.minecraftforge.fml.common.launcher.FMLTweaker
[15:09:42] [main/INFO] [LaunchWrapper]: Loading tweak class name net.minecraftforge.gradle.GradleStartCommon$GradleStartTweaker
[15:09:42] [main/INFO] [LaunchWrapper]: Calling tweak class net.minecraftforge.fml.common.launcher.FMLTweaker
[15:16:25] [main/INFO] [GradleStart]: username: atmatm6000@gmail.com
[15:16:25] [main/INFO] [GradleStart]: Extra: []
[15:16:25] [main/INFO] [GradleStart]: Password found, attempting login
[15:16:27] [main/INFO] [GradleStart]: Login Succesful!
[15:16:28] [main/INFO] [GradleStart]: Running with arguments: [--userProperties, {twitch_access_token=[com.mojang.authlib.properties.Property@41e57318]}, --username, Atmatm6, --accessToken, {REDACTED}, --assetIndex, 1.8, --uuid, 85b7077dcdb346e3b2de22c05370884a, --assetsDir, C:/Users/Austin/.gradle/caches/minecraft/assets, --version, 1.8, --tweakClass, net.minecraftforge.fml.common.launcher.FMLTweaker, --tweakClass, net.minecraftforge.gradle.GradleStartCommon$GradleStartTweaker]
[15:16:28] [main/INFO] [LaunchWrapper]: Loading tweak class name net.minecraftforge.fml.common.launcher.FMLTweaker
[15:16:28] [main/INFO] [LaunchWrapper]: Using primary tweak class name net.minecraftforge.fml.common.launcher.FMLTweaker
[15:16:28] [main/INFO] [LaunchWrapper]: Loading tweak class name net.minecraftforge.gradle.GradleStartCommon$GradleStartTweaker
[15:16:28] [main/INFO] [LaunchWrapper]: Calling tweak class net.minecraftforge.fml.common.launcher.FMLTweaker
[15:19:53] [main/INFO] [GradleStart]: username: Atmatm6
[15:19:53] [main/INFO] [GradleStart]: Extra: []
[15:19:54] [main/INFO] [GradleStart]: Running with arguments: [--userProperties, {}, --username, Atmatm6, --accessToken, {REDACTED}, --assetIndex, 1.8, --assetsDir, C:/Users/Austin/.gradle/caches/minecraft/assets, --version, 1.8, --tweakClass, net.minecraftforge.fml.common.launcher.FMLTweaker, --tweakClass, net.minecraftforge.gradle.GradleStartCommon$GradleStartTweaker]
[15:19:54] [main/INFO] [LaunchWrapper]: Loading tweak class name net.minecraftforge.fml.common.launcher.FMLTweaker
[15:19:54] [main/INFO] [LaunchWrapper]: Using primary tweak class name net.minecraftforge.fml.common.launcher.FMLTweaker
[15:19:54] [main/INFO] [LaunchWrapper]: Loading tweak class name net.minecraftforge.gradle.GradleStartCommon$GradleStartTweaker
[15:19:54] [main/INFO] [LaunchWrapper]: Calling tweak class net.minecraftforge.fml.common.launcher.FMLTweaker
[15:23:57] [main/INFO] [GradleStart]: username: Atmatm6
[15:23:57] [main/INFO] [GradleStart]: Extra: []
[15:23:58] [main/INFO] [GradleStart]: Running with arguments: [--userProperties, {}, --username, Atmatm6, --accessToken, {REDACTED}, --assetIndex, 1.8, --assetsDir, C:/Users/Austin/.gradle/caches/minecraft/assets, --version, 1.8, --tweakClass, net.minecraftforge.fml.common.launcher.FMLTweaker, --tweakClass, net.minecraftforge.gradle.GradleStartCommon$GradleStartTweaker]
[15:23:58] [main/INFO] [LaunchWrapper]: Loading tweak class name net.minecraftforge.fml.common.launcher.FMLTweaker
[15:23:58] [main/INFO] [LaunchWrapper]: Using primary tweak class name net.minecraftforge.fml.common.launcher.FMLTweaker
[15:23:58] [main/INFO] [LaunchWrapper]: Loading tweak class name net.minecraftforge.gradle.GradleStartCommon$GradleStartTweaker
[15:23:58] [main/INFO] [LaunchWrapper]: Calling tweak class net.minecraftforge.fml.common.launcher.FMLTweaker
[15:24:16] [main/INFO] [GradleStart]: username: Atmatm6
[15:24:16] [main/INFO] [GradleStart]: Extra: []
[15:24:16] [main/INFO] [GradleStart]: Running with arguments: [--userProperties, {}, --username, Atmatm6, --accessToken, {REDACTED}, --assetIndex, 1.8, --assetsDir, C:/Users/Austin/.gradle/caches/minecraft/assets, --version, 1.8, --tweakClass, net.minecraftforge.fml.common.launcher.FMLTweaker, --tweakClass, net.minecraftforge.gradle.GradleStartCommon$GradleStartTweaker]
[15:24:16] [main/INFO] [LaunchWrapper]: Loading tweak class name net.minecraftforge.fml.common.launcher.FMLTweaker
[15:24:16] [main/INFO] [LaunchWrapper]: Using primary tweak class name net.minecraftforge.fml.common.launcher.FMLTweaker
[15:24:16] [main/INFO] [LaunchWrapper]: Loading tweak class name net.minecraftforge.gradle.GradleStartCommon$GradleStartTweaker
[15:24:16] [main/INFO] [LaunchWrapper]: Calling tweak class net.minecraftforge.fml.common.launcher.FMLTweaker
[17:19:07] [main/INFO] [GradleStart]: username: Atmatm6
[17:19:07] [main/INFO] [GradleStart]: Extra: []
[17:19:08] [main/INFO] [GradleStart]: Running with arguments: [--userProperties, {}, --username, Atmatm6, --accessToken, {REDACTED}, --assetIndex, 1.8, --assetsDir, C:/Users/Austin/.gradle/caches/minecraft/assets, --version, 1.8, --tweakClass, net.minecraftforge.fml.common.launcher.FMLTweaker, --tweakClass, net.minecraftforge.gradle.GradleStartCommon$GradleStartTweaker]
[17:19:09] [main/INFO] [LaunchWrapper]: Loading tweak class name net.minecraftforge.fml.common.launcher.FMLTweaker
[17:19:11] [main/INFO] [LaunchWrapper]: Using primary tweak class name net.minecraftforge.fml.common.launcher.FMLTweaker
[17:19:11] [main/INFO] [LaunchWrapper]: Loading tweak class name net.minecraftforge.gradle.GradleStartCommon$GradleStartTweaker
[17:19:11] [main/INFO] [LaunchWrapper]: Calling tweak class net.minecraftforge.fml.common.launcher.FMLTweaker
[16:31:32] [main/INFO] [GradleStart]: username: Atmatm6
[16:31:32] [main/INFO] [GradleStart]: Extra: []
[16:31:32] [main/INFO] [GradleStart]: Running with arguments: [--userProperties, {}, --username, Atmatm6, --accessToken, {REDACTED}, --assetIndex, 1.8, --assetsDir, C:/Users/Austin/.gradle/caches/minecraft/assets, --version, 1.8, --tweakClass, net.minecraftforge.fml.common.launcher.FMLTweaker, --tweakClass, net.minecraftforge.gradle.GradleStartCommon$GradleStartTweaker]
[16:31:32] [main/INFO] [LaunchWrapper]: Loading tweak class name net.minecraftforge.fml.common.launcher.FMLTweaker
[16:31:33] [main/INFO] [LaunchWrapper]: Using primary tweak class name net.minecraftforge.fml.common.launcher.FMLTweaker
[16:31:33] [main/INFO] [LaunchWrapper]: Loading tweak class name net.minecraftforge.gradle.GradleStartCommon$GradleStartTweaker
[16:31:33] [main/INFO] [LaunchWrapper]: Calling tweak class net.minecraftforge.fml.common.launcher.FMLTweaker
